<?xml version="1.0" encoding="UTF-8"?>
<testng-results ignored="1" total="2" passed="1" failed="0" skipped="0">
  <reporter-output>
  </reporter-output>
  <suite started-at="2025-07-23T15:27:12 EET" name="Default suite" finished-at="2025-07-23T15:27:47 EET" duration-ms="34445">
    <groups>
    </groups>
    <test started-at="2025-07-23T15:27:12 EET" name="Default test" finished-at="2025-07-23T15:27:47 EET" duration-ms="34445">
      <class name="mytests.MyTestCases">
        <test-method is-config="true" signature="setUp()[pri:0, instance:mytests.MyTestCases@411f53a0]" started-at="2025-07-23T15:27:12 EET" name="setUp" finished-at="2025-07-23T15:27:21 EET" duration-ms="8634" status="PASS">
          <reporter-output>
          </reporter-output>
        </test-method> <!-- setUp -->
        <test-method signature="booking()[pri:2, instance:mytests.MyTestCases@411f53a0]" started-at="2025-07-23T15:27:21 EET" name="booking" finished-at="2025-07-23T15:27:46 EET" duration-ms="25491" status="PASS">
          <reporter-output>
          </reporter-output>
        </test-method> <!-- booking -->
        <test-method is-config="true" signature="closingWeSite()[pri:0, instance:mytests.MyTestCases@411f53a0]" started-at="2025-07-23T15:27:46 EET" name="closingWeSite" finished-at="2025-07-23T15:27:47 EET" duration-ms="276" status="PASS">
          <reporter-output>
          </reporter-output>
        </test-method> <!-- closingWeSite -->
      </class> <!-- mytests.MyTestCases -->
    </test> <!-- Default test -->
  </suite> <!-- Default suite -->
</testng-results>
