<?xml version="1.0" encoding="UTF-8"?>
<testng-results ignored="0" total="1" passed="1" failed="0" skipped="0">
  <reporter-output>
  </reporter-output>
  <suite started-at="2025-07-20T19:39:38 EET" name="Default suite" finished-at="2025-07-20T19:39:51 EET" duration-ms="13142">
    <groups>
    </groups>
    <test started-at="2025-07-20T19:39:38 EET" name="Default test" finished-at="2025-07-20T19:39:51 EET" duration-ms="13142">
      <class name="mytests.MyTestCases">
        <test-method is-config="true" signature="setUp()[pri:0, instance:mytests.MyTestCases@618b19ad]" started-at="2025-07-20T19:39:38 EET" name="setUp" finished-at="2025-07-20T19:39:48 EET" duration-ms="10150" status="PASS">
          <reporter-output>
          </reporter-output>
        </test-method> <!-- setUp -->
        <test-method signature="radioButton()[pri:1, instance:mytests.MyTestCases@618b19ad]" started-at="2025-07-20T19:39:48 EET" name="radioButton" finished-at="2025-07-20T19:39:51 EET" duration-ms="2640" status="PASS">
          <reporter-output>
          </reporter-output>
        </test-method> <!-- radioButton -->
        <test-method is-config="true" signature="closingWeSite()[pri:0, instance:mytests.MyTestCases@618b19ad]" started-at="2025-07-20T19:39:51 EET" name="closingWeSite" finished-at="2025-07-20T19:39:51 EET" duration-ms="300" status="PASS">
          <reporter-output>
          </reporter-output>
        </test-method> <!-- closingWeSite -->
      </class> <!-- mytests.MyTestCases -->
    </test> <!-- Default test -->
  </suite> <!-- Default suite -->
</testng-results>
